<?xml version="1.0" encoding="UTF-8"?>
<!-- Generated by org.testng.reporters.JUnitReportReporter -->
<testsuite skipped="0" hostname="confiz-3738" name="Tayara.TayaraAutomation.AllCategoriesTest" tests="1" failures="0" timestamp="09 May 2021 16:14:07 GMT" time="24.863" errors="0">
  <testcase name="AllCategoriesPageTest" time="24.863" classname="Tayara.TayaraAutomation.AllCategoriesTest"/>
</testsuite> <!-- Tayara.TayaraAutomation.AllCategoriesTest -->
