<?xml version="1.0" encoding="UTF-8"?>
<!-- Generated by org.testng.reporters.JUnitReportReporter -->
<testsuite skipped="0" hostname="confiz-3738" name="Tayara.TayaraAutomation.SearchAllCategoriesTest" tests="1" failures="0" timestamp="09 May 2021 15:01:45 GMT" time="0.517" errors="0">
  <testcase name="ViewCsvs" time="0.517" classname="Tayara.TayaraAutomation.SearchAllCategoriesTest"/>
</testsuite> <!-- Tayara.TayaraAutomation.SearchAllCategoriesTest -->
