<?xml version="1.0" encoding="UTF-8"?>
<!-- Generated by org.testng.reporters.JUnitReportReporter -->
<testsuite skipped="0" hostname="confiz-3738" name="Tayara.TayaraAutomation.LoginTest" tests="1" failures="0" timestamp="09 May 2021 16:23:40 GMT" time="0.394" errors="0">
  <testcase name="LoginPageTest" time="0.394" classname="Tayara.TayaraAutomation.LoginTest"/>
</testsuite> <!-- Tayara.TayaraAutomation.LoginTest -->
