<?xml version="1.0" encoding="UTF-8"?>
<!-- Generated by org.testng.reporters.JUnitReportReporter -->
<testsuite skipped="0" hostname="confiz-3738" name="Tayara.TayaraAutomation.CreateAnAdTest" tests="1" failures="0" timestamp="09 May 2021 16:23:40 GMT" time="0.144" errors="0">
  <testcase name="CreateAnAdPageTest" time="0.144" classname="Tayara.TayaraAutomation.CreateAnAdTest"/>
</testsuite> <!-- Tayara.TayaraAutomation.CreateAnAdTest -->
