<?xml version="1.0" encoding="UTF-8"?>
<!-- Generated by org.testng.reporters.JUnitReportReporter -->
<testsuite skipped="0" hostname="confiz-3738" name="Tayara.TayaraAutomation.ProsButtonTest" tests="1" failures="0" timestamp="09 May 2021 16:23:40 GMT" time="2.370" errors="0">
  <testcase name="ProsTest" time="2.370" classname="Tayara.TayaraAutomation.ProsButtonTest"/>
</testsuite> <!-- Tayara.TayaraAutomation.ProsButtonTest -->
