<?xml version="1.0" encoding="UTF-8"?>
<!-- Generated by org.testng.reporters.JUnitReportReporter -->
<testsuite skipped="0" hostname="confiz-3738" name="Tayara.TayaraAutomation.AllCategoriesTest" tests="1" failures="0" timestamp="09 May 2021 16:23:40 GMT" time="26.226" errors="0">
  <testcase name="AllCategoriesPageTest" time="26.226" classname="Tayara.TayaraAutomation.AllCategoriesTest"/>
</testsuite> <!-- Tayara.TayaraAutomation.AllCategoriesTest -->
